<?xml version="1.0" encoding="UTF-8"?>
<testsuite xmlns:xsi="http://www.w3.org/2001/XMLSchema-instance" xsi:noNamespaceSchemaLocation="https://maven.apache.org/surefire/maven-surefire-plugin/xsd/surefire-test-report.xsd" name="com.sparkcodes.PairRDDsTest" time="9.819" tests="8" errors="0" skipped="0" failures="0">
  <properties>
[...]
</properties>
  <testcase name="testDistinctInSparkRDD{String}[1]" classname="com.sparkcodes.PairRDDsTest" time="2.083"/>
  <testcase name="testDistinctInSparkRDD{String}[2]" classname="com.sparkcodes.PairRDDsTest" time="2.759"/>
  <testcase name="testMapToPairInSparkRDD{String}[1]" classname="com.sparkcodes.PairRDDsTest" time="0.679"/>
  <testcase name="testMapToPairInSparkRDD{String}[2]" classname="com.sparkcodes.PairRDDsTest" time="0.744"/>
  <testcase name="testGroupByKeyInSparkRDD{String}[1]" classname="com.sparkcodes.PairRDDsTest" time="0.63"/>
  <testcase name="testGroupByKeyInSparkRDD{String}[2]" classname="com.sparkcodes.PairRDDsTest" time="1.333"/>
  <testcase name="testReduceByKeyInSparkRDD{String}[1]" classname="com.sparkcodes.PairRDDsTest" time="0.614"/>
  <testcase name="testReduceByKeyInSparkRDD{String}[2]" classname="com.sparkcodes.PairRDDsTest" time="0.886"/>
</testsuite>